2025-09-16 08:17:15,704 [INFO] Activator:176 - 


2025-09-16 08:17:15,705 [INFO] Activator:177 - !SESSION log4j initialized
2025-09-16 08:17:17,023 [ERROR] LogOutputStream:75 - [STDERR_REDIRECT] 
2025-09-16 08:17:18,595 [INFO] LogOutputStream:77 - [STDOUT_REDIRECT] 
2025-09-16 08:17:19,964 [INFO] ApplicationProperties:184 - Using Application install path: /Applications/STM32CubeIDE.app/Contents/Eclipse/plugins/com.st.stm32cube.common.mx_6.13.0.202411220809
2025-09-16 08:17:19,975 [INFO] DbMcusXml:78 - Set database path to: /Applications/STM32CubeIDE.app/Contents/Eclipse/plugins/com.st.stm32cube.common.mx_6.13.0.202411220809//db//mcu/
2025-09-16 08:17:19,975 [INFO] ApiDb:274 - Set plugin database path to: /Applications/STM32CubeIDE.app/Contents/Eclipse/plugins/com.st.stm32cube.common.mx_6.13.0.202411220809//db//plugins/boardmanager/
2025-09-16 08:17:19,975 [WARN] ApiDb:259 - Overriding images path with different value:  => /Applications/STM32CubeIDE.app/Contents/Eclipse/plugins/com.st.stm32cube.common.mx_6.13.0.202411220809//db//plugins/mcufinder/images/
2025-09-16 08:17:19,978 [INFO] ApiDb:250 - Set database path to: /Users/matheomorin/.stmcufinder/plugins/mcufinder//mcu/
2025-09-16 08:17:19,979 [INFO] DbMcusAds:125 - Set database path to: /Users/matheomorin/.stmcufinder/plugins/mcufinder//mcu/
2025-09-16 08:17:19,980 [INFO] CrossReferenceDbSqlite:203 - Set database path to: /Users/matheomorin/.stmcufinder/plugins/mcufinder//mcu/cs/
2025-09-16 08:17:20,070 [INFO] RulesReader:64 - Compatibility file has been processed (297 Rules)
2025-09-16 08:17:20,123 [INFO] DbMcusXml:78 - Set database path to: /Applications/STM32CubeIDE.app/Contents/Eclipse/plugins/com.st.stm32cube.common.mx_6.13.0.202411220809//db//mcu/
2025-09-16 08:17:20,123 [INFO] ApiDb:274 - Set plugin database path to: /Applications/STM32CubeIDE.app/Contents/Eclipse/plugins/com.st.stm32cube.common.mx_6.13.0.202411220809//db//plugins/boardmanager/
2025-09-16 08:17:20,123 [INFO] ApiDb:261 - Set plugin images path to: /Applications/STM32CubeIDE.app/Contents/Eclipse/plugins/com.st.stm32cube.common.mx_6.13.0.202411220809//db//plugins/mcufinder/images/
2025-09-16 08:17:20,123 [WARN] DbFile:41 - Overriding database path with different value: /Users/matheomorin/.stmcufinder/plugins/mcufinder/ => /Users/matheomorin/.stmcufinder/plugins/mcufinder
2025-09-16 08:17:20,123 [INFO] ApiDb:250 - Set database path to: /Users/matheomorin/.stmcufinder/plugins/mcufinder//mcu/
2025-09-16 08:17:20,123 [WARN] DbFile:41 - Overriding database path with different value: /Users/matheomorin/.stmcufinder/plugins/mcufinder/ => /Users/matheomorin/.stmcufinder/plugins/mcufinder
2025-09-16 08:17:20,123 [INFO] DbMcusAds:125 - Set database path to: /Users/matheomorin/.stmcufinder/plugins/mcufinder//mcu/
2025-09-16 08:17:20,123 [WARN] DbFile:41 - Overriding database path with different value: /Users/matheomorin/.stmcufinder/plugins/mcufinder/ => /Users/matheomorin/.stmcufinder/plugins/mcufinder
2025-09-16 08:17:20,124 [WARN] DbFile:41 - Overriding database path with different value: /Users/matheomorin/.stmcufinder/plugins/mcufinder/ => /Users/matheomorin/.stmcufinder/plugins/mcufinder
2025-09-16 08:17:20,124 [INFO] CrossReferenceDbSqlite:203 - Set database path to: /Users/matheomorin/.stmcufinder/plugins/mcufinder//mcu/cs/
2025-09-16 08:17:20,173 [INFO] MainPanel:272 - HeapMemory: 268435456
2025-09-16 08:17:20,397 [INFO] DbMcusXml:78 - Set database path to: /Applications/STM32CubeIDE.app/Contents/Eclipse/plugins/com.st.stm32cube.common.mx_6.13.0.202411220809//db//mcu/
2025-09-16 08:17:20,397 [INFO] ApiDb:274 - Set plugin database path to: /Applications/STM32CubeIDE.app/Contents/Eclipse/plugins/com.st.stm32cube.common.mx_6.13.0.202411220809//db//plugins/boardmanager/
2025-09-16 08:17:20,397 [INFO] ApiDb:261 - Set plugin images path to: /Applications/STM32CubeIDE.app/Contents/Eclipse/plugins/com.st.stm32cube.common.mx_6.13.0.202411220809//db//plugins/mcufinder/images/
2025-09-16 08:17:20,397 [WARN] DbFile:41 - Overriding database path with different value: /Users/matheomorin/.stmcufinder/plugins/mcufinder/ => /Users/matheomorin/.stmcufinder/plugins/mcufinder
2025-09-16 08:17:20,397 [INFO] ApiDb:250 - Set database path to: /Users/matheomorin/.stmcufinder/plugins/mcufinder//mcu/
2025-09-16 08:17:20,397 [WARN] DbFile:41 - Overriding database path with different value: /Users/matheomorin/.stmcufinder/plugins/mcufinder/ => /Users/matheomorin/.stmcufinder/plugins/mcufinder
2025-09-16 08:17:20,397 [INFO] DbMcusAds:125 - Set database path to: /Users/matheomorin/.stmcufinder/plugins/mcufinder//mcu/
2025-09-16 08:17:20,397 [WARN] DbFile:41 - Overriding database path with different value: /Users/matheomorin/.stmcufinder/plugins/mcufinder/ => /Users/matheomorin/.stmcufinder/plugins/mcufinder
2025-09-16 08:17:20,397 [WARN] DbFile:41 - Overriding database path with different value: /Users/matheomorin/.stmcufinder/plugins/mcufinder/ => /Users/matheomorin/.stmcufinder/plugins/mcufinder
2025-09-16 08:17:20,397 [INFO] CrossReferenceDbSqlite:203 - Set database path to: /Users/matheomorin/.stmcufinder/plugins/mcufinder//mcu/cs/
2025-09-16 08:17:20,411 [INFO] ApplicationProperties:184 - Using Application install path: /Applications/STM32CubeIDE.app/Contents/Eclipse/plugins/com.st.stm32cube.common.mx_6.13.0.202411220809
2025-09-16 08:17:20,412 [INFO] PluginManage:196 - Search for loadable plugins [exclusion list=, ]
2025-09-16 08:17:20,414 [INFO] PluginManage:310 - Check plugin analytics
2025-09-16 08:17:20,601 [INFO] AnalyticsPlugin:253 - Accepted Software Licenses: 
2025-09-16 08:17:20,602 [INFO] AnalyticsPlugin:255 - Accepted CMSIS Pack Licenses: 
2025-09-16 08:17:20,602 [INFO] AnalyticsPlugin:257 - Accepted Firmware Licenses: 
2025-09-16 08:17:20,610 [INFO] PluginManage:359 - Loaded plugin analytics (category:tool,tabindex:-1)
2025-09-16 08:17:20,611 [INFO] PluginManage:310 - Check plugin cadmodel
2025-09-16 08:17:20,618 [INFO] CADModel:105 - Init CAD model plugin
2025-09-16 08:17:20,618 [INFO] PluginManage:359 - Loaded plugin cadmodel (category:power,tabindex:5)
2025-09-16 08:17:20,618 [INFO] PluginManage:310 - Check plugin clock
2025-09-16 08:17:20,624 [INFO] PluginManage:359 - Loaded plugin clock (category:base,tabindex:2)
2025-09-16 08:17:20,624 [INFO] PluginManage:310 - Check plugin ddr
2025-09-16 08:17:20,626 [INFO] PluginManage:359 - Loaded plugin ddr (category:tool,tabindex:6)
2025-09-16 08:17:20,627 [INFO] PluginManage:310 - Check plugin filemanager
2025-09-16 08:17:21,006 [INFO] PluginManage:359 - Loaded plugin filemanager (category:base,tabindex:10)
2025-09-16 08:17:21,014 [INFO] PluginManage:310 - Check plugin ipmanager
2025-09-16 08:17:21,057 [INFO] PluginManage:359 - Loaded plugin ipmanager (category:base,tabindex:5)
2025-09-16 08:17:21,058 [INFO] PluginManage:310 - Check plugin lpbam
2025-09-16 08:17:21,074 [INFO] PluginManage:359 - Loaded plugin lpbam (category:base,tabindex:0)
2025-09-16 08:17:21,074 [INFO] PluginManage:310 - Check plugin memorymap
2025-09-16 08:17:21,083 [INFO] PluginManage:359 - Loaded plugin memorymap (category:base,tabindex:4)
2025-09-16 08:17:21,083 [INFO] PluginManage:310 - Check plugin pinoutandconfiguration
2025-09-16 08:17:21,087 [INFO] PluginManage:359 - Loaded plugin pinoutandconfiguration (category:base,tabindex:1)
2025-09-16 08:17:21,087 [INFO] PluginManage:310 - Check plugin pinoutconfig
2025-09-16 08:17:21,148 [WARN] SupportedApi:132 - Cannot load RTOS API schema: s4s-elt-must-match.1: The content of 'definitions' must match (annotation?, (simpleType | complexType)?, (unique | key | keyref)*)). A problem was found starting at: attribute.
2025-09-16 08:17:21,272 [INFO] PluginManage:359 - Loaded plugin pinoutconfig (category:base,tabindex:0)
2025-09-16 08:17:21,272 [INFO] PluginManage:310 - Check plugin power
2025-09-16 08:17:21,280 [INFO] PluginManage:359 - Loaded plugin power (category:power,tabindex:4)
2025-09-16 08:17:21,280 [INFO] PluginManage:310 - Check plugin projectmanager
2025-09-16 08:17:21,304 [INFO] PluginManage:359 - Loaded plugin projectmanager (category:projectmanager,tabindex:4)
2025-09-16 08:17:21,304 [INFO] PluginManage:310 - Check plugin rif
2025-09-16 08:17:21,307 [INFO] PluginManage:359 - Loaded plugin rif (category:base,tabindex:3)
2025-09-16 08:17:21,307 [INFO] PluginManage:310 - Check plugin thirdparty
2025-09-16 08:17:21,416 [INFO] PluginManage:359 - Loaded plugin thirdparty (category:base,tabindex:-1)
2025-09-16 08:17:21,417 [INFO] PluginManage:310 - Check plugin tools
2025-09-16 08:17:21,420 [INFO] PluginManage:359 - Loaded plugin tools (category:base,tabindex:7)
2025-09-16 08:17:21,420 [INFO] PluginManage:310 - Check plugin tutovideos
2025-09-16 08:17:21,416 [WARN] IntegrityCheckThread:84 - waiting for thirdparty lock release [integrity check]
2025-09-16 08:17:21,421 [INFO] IntegrityCheckThread:86 - entering critical section [integrity check]
2025-09-16 08:17:21,423 [INFO] ThirdPartyUpdaterWithRetryManager:70 - Updater plugin not ready yet. [1/15]
2025-09-16 08:17:21,530 [INFO] PluginManage:359 - Loaded plugin tutovideos (category:base,tabindex:-1)
2025-09-16 08:17:21,531 [INFO] PluginManage:310 - Check plugin updater
2025-09-16 08:17:21,548 [INFO] PluginManage:359 - Loaded plugin updater (category:base,tabindex:12)
2025-09-16 08:17:21,549 [INFO] PluginManage:310 - Check plugin userauth
2025-09-16 08:17:21,552 [INFO] UserAuth:118 - Init User Auth plugin
2025-09-16 08:17:21,552 [INFO] PluginManage:359 - Loaded plugin userauth (category:base,tabindex:14)
2025-09-16 08:17:21,554 [INFO] PluginManage:283 - PluginManage : Loaded plugins [18]
2025-09-16 08:17:21,717 [INFO] PinOutPanel:1589 - setPackage(No Configuration,No Configuration)
2025-09-16 08:17:21,768 [INFO] CADModel:165 - CPN selected for project level
2025-09-16 08:17:21,768 [INFO] CADModel:114 - Register for checkConnection events
2025-09-16 08:17:21,774 [INFO] IPUIPlugin:80 - create IPUIPlugin
2025-09-16 08:17:21,775 [INFO] PluginManager:220 - loadIPPluginJar : add mdma
2025-09-16 08:17:21,777 [INFO] IPUIPlugin:80 - create IPUIPlugin
2025-09-16 08:17:21,778 [INFO] PluginManager:220 - loadIPPluginJar : add freertos
2025-09-16 08:17:21,780 [INFO] IPUIPlugin:80 - create IPUIPlugin
2025-09-16 08:17:21,780 [INFO] PluginManager:220 - loadIPPluginJar : add gic
2025-09-16 08:17:21,784 [INFO] IPUIPlugin:80 - create IPUIPlugin
2025-09-16 08:17:21,784 [INFO] PluginManager:220 - loadIPPluginJar : add adc
2025-09-16 08:17:21,785 [INFO] IPUIPlugin:80 - create IPUIPlugin
2025-09-16 08:17:21,785 [INFO] PluginManager:220 - loadIPPluginJar : add gtzc
2025-09-16 08:17:21,785 [INFO] IPUIPlugin:80 - create IPUIPlugin
2025-09-16 08:17:21,785 [INFO] PluginManager:220 - loadIPPluginJar : add quadspi
2025-09-16 08:17:21,786 [INFO] IPUIPlugin:80 - create IPUIPlugin
2025-09-16 08:17:21,786 [INFO] PluginManager:220 - loadIPPluginJar : add aes
2025-09-16 08:17:21,787 [INFO] IPUIPlugin:80 - create IPUIPlugin
2025-09-16 08:17:21,787 [INFO] PluginManager:220 - loadIPPluginJar : add pdm2pcm
2025-09-16 08:17:21,787 [INFO] IPUIPlugin:80 - create IPUIPlugin
2025-09-16 08:17:21,787 [INFO] PluginManager:220 - loadIPPluginJar : add hash
2025-09-16 08:17:21,788 [INFO] IPUIPlugin:80 - create IPUIPlugin
2025-09-16 08:17:21,788 [INFO] PluginManager:220 - loadIPPluginJar : add tim
2025-09-16 08:17:21,789 [INFO] IPUIPlugin:80 - create IPUIPlugin
2025-09-16 08:17:21,789 [INFO] PluginManager:220 - loadIPPluginJar : add tsc
2025-09-16 08:17:21,791 [INFO] IPUIPlugin:80 - create IPUIPlugin
2025-09-16 08:17:21,791 [INFO] PluginManager:220 - loadIPPluginJar : add extmemmanager
2025-09-16 08:17:21,793 [INFO] IPUIPlugin:80 - create IPUIPlugin
2025-09-16 08:17:21,793 [INFO] PluginManager:220 - loadIPPluginJar : add ts
2025-09-16 08:17:21,793 [INFO] IPUIPlugin:80 - create IPUIPlugin
2025-09-16 08:17:21,794 [INFO] PluginManager:220 - loadIPPluginJar : add radio
2025-09-16 08:17:21,794 [INFO] IPUIPlugin:80 - create IPUIPlugin
2025-09-16 08:17:21,794 [INFO] PluginManager:220 - loadIPPluginJar : add can
2025-09-16 08:17:21,795 [INFO] IPUIPlugin:80 - create IPUIPlugin
2025-09-16 08:17:21,795 [INFO] PluginManager:220 - loadIPPluginJar : add dma3
2025-09-16 08:17:21,796 [INFO] IPUIPlugin:80 - create IPUIPlugin
2025-09-16 08:17:21,796 [INFO] PluginManager:220 - loadIPPluginJar : add dfsdm
2025-09-16 08:17:21,796 [INFO] IPUIPlugin:80 - create IPUIPlugin
2025-09-16 08:17:21,796 [INFO] PluginManager:220 - loadIPPluginJar : add spi
2025-09-16 08:17:21,797 [INFO] IPUIPlugin:80 - create IPUIPlugin
2025-09-16 08:17:21,797 [INFO] PluginManager:220 - loadIPPluginJar : add gfxmmu
2025-09-16 08:17:21,798 [INFO] IPUIPlugin:80 - create IPUIPlugin
2025-09-16 08:17:21,798 [INFO] PluginManager:220 - loadIPPluginJar : add genericplugin
2025-09-16 08:17:21,799 [INFO] IPUIPlugin:80 - create IPUIPlugin
2025-09-16 08:17:21,800 [INFO] PluginManager:220 - loadIPPluginJar : add cryp
2025-09-16 08:17:21,802 [INFO] IPUIPlugin:80 - create IPUIPlugin
2025-09-16 08:17:21,802 [INFO] PluginManager:220 - loadIPPluginJar : add gpio
2025-09-16 08:17:21,803 [INFO] IPUIPlugin:80 - create IPUIPlugin
2025-09-16 08:17:21,804 [INFO] PluginManager:220 - loadIPPluginJar : add ddr_ctrl_phy
2025-09-16 08:17:21,804 [INFO] IPUIPlugin:80 - create IPUIPlugin
2025-09-16 08:17:21,805 [INFO] PluginManager:220 - loadIPPluginJar : add comp
2025-09-16 08:17:21,806 [INFO] IPUIPlugin:80 - create IPUIPlugin
2025-09-16 08:17:21,806 [INFO] PluginManager:220 - loadIPPluginJar : add tracer_emb
2025-09-16 08:17:21,808 [INFO] IPUIPlugin:80 - create IPUIPlugin
2025-09-16 08:17:21,808 [INFO] PluginManager:220 - loadIPPluginJar : add openamp
2025-09-16 08:17:21,810 [INFO] IPUIPlugin:80 - create IPUIPlugin
2025-09-16 08:17:21,810 [INFO] PluginManager:220 - loadIPPluginJar : add stm32_wpan
2025-09-16 08:17:21,812 [INFO] IPUIPlugin:80 - create IPUIPlugin
2025-09-16 08:17:21,814 [INFO] PluginManager:220 - loadIPPluginJar : add plateformsettings
2025-09-16 08:17:21,815 [INFO] IPUIPlugin:80 - create IPUIPlugin
2025-09-16 08:17:21,815 [INFO] PluginManager:220 - loadIPPluginJar : add ipddr
2025-09-16 08:17:21,816 [INFO] IPUIPlugin:80 - create IPUIPlugin
2025-09-16 08:17:21,816 [INFO] PluginManager:220 - loadIPPluginJar : add usart
2025-09-16 08:17:21,816 [INFO] IPUIPlugin:80 - create IPUIPlugin
2025-09-16 08:17:21,816 [INFO] PluginManager:220 - loadIPPluginJar : add ltdc
2025-09-16 08:17:21,818 [INFO] IPUIPlugin:80 - create IPUIPlugin
2025-09-16 08:17:21,818 [INFO] PluginManager:220 - loadIPPluginJar : add nvic
2025-09-16 08:17:21,818 [INFO] IPUIPlugin:80 - create IPUIPlugin
2025-09-16 08:17:21,818 [INFO] PluginManager:220 - loadIPPluginJar : add fatfs
2025-09-16 08:17:21,821 [INFO] IPUIPlugin:80 - create IPUIPlugin
2025-09-16 08:17:21,821 [INFO] PluginManager:220 - loadIPPluginJar : add linkedlist
2025-09-16 08:17:21,823 [INFO] IPUIPlugin:80 - create IPUIPlugin
2025-09-16 08:17:21,823 [INFO] PluginManager:220 - loadIPPluginJar : add dma
2025-09-16 08:17:21,825 [INFO] IPUIPlugin:80 - create IPUIPlugin
2025-09-16 08:17:21,825 [INFO] PluginManager:220 - loadIPPluginJar : add fmc
2025-09-16 08:17:21,826 [INFO] IPUIPlugin:80 - create IPUIPlugin
2025-09-16 08:17:21,827 [INFO] PluginManager:220 - loadIPPluginJar : add i2s
2025-09-16 08:17:21,828 [INFO] IPUIPlugin:80 - create IPUIPlugin
2025-09-16 08:17:21,828 [INFO] PluginManager:220 - loadIPPluginJar : add ucpd
2025-09-16 08:17:21,829 [INFO] IPUIPlugin:80 - create IPUIPlugin
2025-09-16 08:17:21,829 [INFO] PluginManager:220 - loadIPPluginJar : add lorawan
2025-09-16 08:17:21,830 [INFO] IPUIPlugin:80 - create IPUIPlugin
2025-09-16 08:17:21,830 [INFO] PluginManager:220 - loadIPPluginJar : add opamp
2025-09-16 08:17:21,831 [INFO] IPUIPlugin:80 - create IPUIPlugin
2025-09-16 08:17:21,831 [INFO] PluginManager:220 - loadIPPluginJar : add i3c
2025-09-16 08:17:21,832 [INFO] IPUIPlugin:80 - create IPUIPlugin
2025-09-16 08:17:21,832 [INFO] PluginManager:220 - loadIPPluginJar : add touchsensing
2025-09-16 08:17:21,833 [INFO] IPUIPlugin:80 - create IPUIPlugin
2025-09-16 08:17:21,833 [INFO] PluginManager:220 - loadIPPluginJar : add i2c
2025-09-16 08:17:21,834 [INFO] IPUIPlugin:80 - create IPUIPlugin
2025-09-16 08:17:21,834 [INFO] PluginManager:220 - loadIPPluginJar : add resmgrutility
2025-09-16 08:17:21,835 [INFO] IPUIPlugin:80 - create IPUIPlugin
2025-09-16 08:17:21,836 [INFO] PluginManager:220 - loadIPPluginJar : add sai
2025-09-16 08:17:21,836 [INFO] IPUIPlugin:80 - create IPUIPlugin
2025-09-16 08:17:21,837 [INFO] PluginManager:220 - loadIPPluginJar : add usbx
2025-09-16 08:17:21,942 [FATAL] Updater:351 - Updater called before beeing initialized
2025-09-16 08:17:22,014 [INFO] RulesReader:64 - Compatibility file has been processed (297 Rules)
2025-09-16 08:17:22,027 [INFO] RulesReader:64 - Compatibility file has been processed (297 Rules)
2025-09-16 08:17:22,041 [INFO] CADModel:165 - CPN selected for project level
2025-09-16 08:17:22,041 [INFO] CADModel:114 - Register for checkConnection events
2025-09-16 08:17:22,042 [FATAL] Updater:351 - Updater called before beeing initialized
2025-09-16 08:17:22,042 [ERROR] CADModel:125 - Updater not yet initialized, retry later 
2025-09-16 08:17:22,148 [ERROR] LogOutputStream:75 - [STDERR_REDIRECT] [Fatal Error] :2:10: DOCTYPE is disallowed when the feature "http://apache.org/xml/features/disallow-doctype-decl" set to true.
2025-09-16 08:17:22,149 [ERROR] LogOutputStream:75 - [STDERR_REDIRECT] 
2025-09-16 08:17:22,239 [FATAL] Updater:351 - Updater called before beeing initialized
2025-09-16 08:17:22,240 [INFO] CADModel:165 - CPN selected for project level
2025-09-16 08:17:22,241 [INFO] CADModel:114 - Register for checkConnection events
2025-09-16 08:17:22,241 [FATAL] Updater:351 - Updater called before beeing initialized
2025-09-16 08:17:22,241 [ERROR] CADModel:125 - Updater not yet initialized, retry later 
2025-09-16 08:17:22,243 [FATAL] Updater:351 - Updater called before beeing initialized
2025-09-16 08:17:22,345 [FATAL] Updater:351 - Updater called before beeing initialized
2025-09-16 08:17:22,348 [INFO] DbMcusAds:53 - JSON generation date=Thu Sep 30 08:55:09 CEST 2021 (1632984909247)
2025-09-16 08:17:22,348 [FATAL] Updater:351 - Updater called before beeing initialized
2025-09-16 08:17:22,385 [WARN] DetailPanel:346 - Failed to get advertising image, set to default
2025-09-16 08:17:22,527 [FATAL] Updater:351 - Updater called before beeing initialized
2025-09-16 08:17:22,530 [FATAL] Updater:351 - Updater called before beeing initialized
2025-09-16 08:17:22,530 [FATAL] Updater:351 - Updater called before beeing initialized
2025-09-16 08:17:22,530 [WARN] DetailPanel:346 - Failed to get advertising image, set to default
2025-09-16 08:17:22,531 [FATAL] Updater:351 - Updater called before beeing initialized
2025-09-16 08:17:22,580 [ERROR] Updater:1198 - MainUpdater not yet initialized. External WinMGr cannot be set.
2025-09-16 08:17:22,587 [INFO] Updater:1134 - Updater Version found : 6.13.0
2025-09-16 08:17:22,596 [INFO] ApplicationProperties:184 - Using Application install path: /Applications/STM32CubeIDE.app/Contents/Eclipse/plugins/com.st.stm32cube.common.mx_6.13.0.202411220809
2025-09-16 08:17:22,840 [INFO] MainUpdater:2872 - connection check result : 10
2025-09-16 08:17:22,841 [INFO] MainUpdater:289 - Updater Check For Update Now.
2025-09-16 08:17:22,841 [INFO] MicroXplorer:498 - Change Database Version : DB.6.0.130
2025-09-16 08:17:22,844 [INFO] McuFinderGlobals:63 - Set McuFinder mode to 2 (CubeIDE integrated)
2025-09-16 08:17:22,844 [INFO] UserAuth:171 - activating auth plugin
2025-09-16 08:17:22,862 [INFO] UserAuth:486 - Internet connection configuration mode: 1
2025-09-16 08:17:22,871 [INFO] JxBrowserEngine:152 - Initiate JxBrowser Engine with user profile folder
2025-09-16 08:17:23,128 [INFO] CheckServerUpdateThread:120 - End of CheckServer Thread
2025-09-16 08:17:24,561 [WARN] PackLoader:240 - Cannot read IP mode file for STMicroelectronics.FP-SNS-MOTENVWB1.1.4.0
2025-09-16 08:17:24,576 [WARN] PackLoader:240 - Cannot read IP mode file for STMicroelectronics.FP-ATR-ASTRA1.2.0.2
2025-09-16 08:17:24,583 [WARN] PackLoader:240 - Cannot read IP mode file for STMicroelectronics.FP-ATR-ASTRA1.2.0.1
2025-09-16 08:17:24,591 [WARN] PackLoader:240 - Cannot read IP mode file for STMicroelectronics.X-CUBE-SMBUS.2.1.0
2025-09-16 08:17:24,598 [WARN] PackLoader:240 - Cannot read IP mode file for STMicroelectronics.X-CUBE-WB05N.1.1.0
2025-09-16 08:17:24,603 [WARN] PackLoader:240 - Cannot read IP mode file for STMicroelectronics.X-CUBE-ST60.1.0.0
2025-09-16 08:17:24,658 [WARN] PackLoader:240 - Cannot read IP mode file for STMicroelectronics.X-CUBE-AZRTOS-F7.1.1.0
2025-09-16 08:17:24,692 [WARN] PackLoader:240 - Cannot read IP mode file for STMicroelectronics.FP-SNS-FLIGHT1.5.0.2
2025-09-16 08:17:24,760 [WARN] PackLoader:240 - Cannot read IP mode file for Infineon.AIROC-Wi-Fi-Bluetooth-STM32.1.7.0
2025-09-16 08:17:24,814 [WARN] PackLoader:240 - Cannot read IP mode file for STMicroelectronics.X-CUBE-AZRTOS-H7.3.4.0
2025-09-16 08:17:24,843 [WARN] PackLoader:240 - Cannot read IP mode file for STMicroelectronics.X-CUBE-DISPLAY.3.0.0
2025-09-16 08:17:24,883 [WARN] PackLoader:240 - Cannot read IP mode file for STMicroelectronics.X-CUBE-BLE1.7.0.0
2025-09-16 08:17:24,905 [WARN] PackLoader:240 - Cannot read IP mode file for STMicroelectronics.X-CUBE-NFC10.1.0.0
2025-09-16 08:17:24,943 [WARN] PackLoader:240 - Cannot read IP mode file for STMicroelectronics.X-CUBE-BLEMGR.4.0.0
2025-09-16 08:17:24,969 [WARN] PackLoader:240 - Cannot read IP mode file for emotas.I-CUBE-CANOPEN.1.3.0
2025-09-16 08:17:24,987 [ERROR] Engine:466 - /Users/matheomorin/.stm32cubemx/thirdparties/pdsc/STMicroelectronics.FP-SNS-STBOX1.2.1.0.pdsc: PDSC version is not supported
2025-09-16 08:17:24,993 [WARN] PackLoader:240 - Cannot read IP mode file for STMicroelectronics.FP-SNS-SMARTAG2.1.2.0
2025-09-16 08:17:25,002 [WARN] PackLoader:240 - Cannot read IP mode file for STMicroelectronics.FP-SNS-FLIGHT1.5.1.0
2025-09-16 08:17:25,087 [WARN] PackLoader:240 - Cannot read IP mode file for STMicroelectronics.X-CUBE-MEMS1.11.1.0
2025-09-16 08:17:25,399 [INFO] LogOutputStream:77 - [STDOUT_REDIRECT] 1 : Invalid condition id : UX_CORESTACK_Condition cause : null
2025-09-16 08:17:25,407 [INFO] LogOutputStream:77 - [STDOUT_REDIRECT] 1 : Invalid condition id : UX_CORESTACK_Condition cause : null
2025-09-16 08:17:25,409 [INFO] LogOutputStream:77 - [STDOUT_REDIRECT] 1 : Invalid condition id : UX_CORESTACK_Condition cause : null
2025-09-16 08:17:25,410 [INFO] LogOutputStream:77 - [STDOUT_REDIRECT] 1 : Invalid condition id : UX_CORESTACK_Condition cause : null
2025-09-16 08:17:25,410 [INFO] LogOutputStream:77 - [STDOUT_REDIRECT] 1 : Invalid condition id : UX_CORESTACK_Condition cause : null
2025-09-16 08:17:25,417 [WARN] PackLoader:240 - Cannot read IP mode file for STMicroelectronics.X-CUBE-AZRTOS-WL.2.0.0
2025-09-16 08:17:25,448 [WARN] PackLoader:240 - Cannot read IP mode file for STMicroelectronics.FP-SNS-MOTENV1.5.0.0
2025-09-16 08:17:25,453 [WARN] PackLoader:240 - Cannot read IP mode file for wolfSSL.I-CUBE-wolfMQTT.1.19.0
2025-09-16 08:17:25,474 [WARN] PackLoader:240 - Cannot read IP mode file for WES.I-CUBE-Cesium.1.3.0
2025-09-16 08:17:25,480 [WARN] PackLoader:240 - Cannot read IP mode file for STMicroelectronics.X-CUBE-BLE2.3.3.0
2025-09-16 08:17:25,488 [WARN] PackLoader:240 - Cannot read IP mode file for STMicroelectronics.X-CUBE-NFC9.1.0.0
2025-09-16 08:17:25,493 [WARN] PackLoader:240 - Cannot read IP mode file for STMicroelectronics.X-CUBE-BLE1.7.1.0
2025-09-16 08:17:25,499 [WARN] PackLoader:240 - Cannot read IP mode file for STMicroelectronics.X-CUBE-EEPRMA1.5.2.0
2025-09-16 08:17:25,515 [WARN] PackLoader:240 - Cannot read IP mode file for STMicroelectronics.X-CUBE-AZRTOS-G0.1.1.0
2025-09-16 08:17:25,527 [WARN] PackLoader:240 - Cannot read IP mode file for STMicroelectronics.X-CUBE-SAFEA1.1.2.2
2025-09-16 08:17:25,533 [WARN] PackLoader:240 - Cannot read IP mode file for STMicroelectronics.X-CUBE-NFC4.3.0.0
2025-09-16 08:17:25,544 [WARN] PackLoader:240 - Cannot read IP mode file for EmbeddedOffice.I-CUBE-FS-RTOS.1.0.1
2025-09-16 08:17:25,555 [WARN] PackLoader:240 - Cannot read IP mode file for STMicroelectronics.X-CUBE-WB05N.2.0.0
2025-09-16 08:17:25,560 [WARN] PackLoader:240 - Cannot read IP mode file for STMicroelectronics.X-CUBE-TCPP.4.2.0
2025-09-16 08:17:25,565 [WARN] PackLoader:240 - Cannot read IP mode file for RealThread.X-CUBE-RT-Thread_Nano.4.1.1
2025-09-16 08:17:25,574 [WARN] PackLoader:240 - Cannot read IP mode file for STMicroelectronics.FP-ATR-SIGFOX1.3.2.0
2025-09-16 08:17:25,577 [WARN] ConditionMgr:438 - getConditionDescription Invalid condition id : Cortex-A Device cause : null
2025-09-16 08:17:25,627 [WARN] ConditionMgr:1044 - genDependencies : Invalid condition id : Cortex-A Device cause : null
2025-09-16 08:17:25,628 [WARN] ConditionMgr:1044 - genDependencies : Invalid condition id : Cortex-A Device cause : null
2025-09-16 08:17:25,628 [WARN] ConditionMgr:1044 - genDependencies : Invalid condition id : Cortex-A Device cause : null
2025-09-16 08:17:25,636 [WARN] PackLoader:240 - Cannot read IP mode file for STMicroelectronics.X-CUBE-EEPRMA1.5.1.0
2025-09-16 08:17:25,640 [WARN] PackLoader:240 - Cannot read IP mode file for wolfSSL.I-CUBE-wolfSSL.5.7.4
2025-09-16 08:17:25,645 [WARN] PackLoader:240 - Cannot read IP mode file for ITTIA_DB.I-CUBE-ITTIADB.8.9.0
2025-09-16 08:17:25,666 [WARN] PackLoader:240 - Cannot read IP mode file for STMicroelectronics.X-CUBE-ST67W61.1.0.0
2025-09-16 08:17:25,674 [WARN] PackLoader:240 - Cannot read IP mode file for STMicroelectronics.X-CUBE-AI.10.2.0
2025-09-16 08:17:25,721 [WARN] PackLoader:240 - Cannot read IP mode file for SEGGER.I-CUBE-embOS.1.3.1
2025-09-16 08:17:25,748 [WARN] PackLoader:240 - Cannot read IP mode file for STMicroelectronics.X-CUBE-ALGOBUILD.1.4.0
2025-09-16 08:17:25,808 [WARN] PackLoader:240 - Cannot read IP mode file for STMicroelectronics.X-CUBE-MEMS1.11.3.0
2025-09-16 08:17:25,865 [WARN] PackLoader:240 - Cannot read IP mode file for STMicroelectronics.X-CUBE-AI.9.1.0
2025-09-16 08:17:25,881 [WARN] PackLoader:240 - Cannot read IP mode file for STMicroelectronics.X-CUBE-PM33A1.1.0.0
2025-09-16 08:17:25,900 [WARN] PackLoader:240 - Cannot read IP mode file for STMicroelectronics.X-CUBE-AZRTOS-F4.1.1.0
2025-09-16 08:17:25,909 [WARN] PackLoader:240 - Cannot read IP mode file for Avnet-IotConnect.X-CUBE-IoTC-DA16k-PMOD.1.0.0
2025-09-16 08:17:25,914 [WARN] PackLoader:240 - Cannot read IP mode file for STMicroelectronics.X-CUBE-ISPU.2.1.0
2025-09-16 08:17:25,921 [WARN] PackLoader:240 - Cannot read IP mode file for STMicroelectronics.X-CUBE-NFC12.1.0.0
2025-09-16 08:17:25,941 [WARN] PackLoader:240 - Cannot read IP mode file for STMicroelectronics.X-CUBE-AZRTOS-L5.2.0.0
2025-09-16 08:17:25,952 [WARN] PackLoader:240 - Cannot read IP mode file for STMicroelectronics.X-CUBE-NFC6.3.1.0
2025-09-16 08:17:25,962 [WARN] PackLoader:240 - Cannot read IP mode file for STMicroelectronics.X-CUBE-DPower.1.2.0
2025-09-16 08:17:25,967 [WARN] PackLoader:240 - Cannot read IP mode file for STMicroelectronics.X-CUBE-FREERTOS.1.3.1
2025-09-16 08:17:25,970 [WARN] PackLoader:240 - Cannot read IP mode file for STMicroelectronics.X-CUBE-FREERTOS.1.3.0
2025-09-16 08:17:25,974 [WARN] PackLoader:240 - Cannot read IP mode file for STMicroelectronics.X-CUBE-NFC7.1.0.1
2025-09-16 08:17:25,978 [WARN] PackLoader:240 - Cannot read IP mode file for STMicroelectronics.FP-SNS-STAIOTCFT.1.0.0
2025-09-16 08:17:25,984 [WARN] PackLoader:240 - Cannot read IP mode file for STMicroelectronics.X-CUBE-DPower.1.3.0
2025-09-16 08:17:25,999 [WARN] ConditionMgr:438 - getConditionDescription Invalid condition id : LAN8742 Phy interface Condition cause : null
2025-09-16 08:17:26,000 [WARN] PackLoader:240 - Cannot read IP mode file for STMicroelectronics.X-CUBE-AZRTOS-L4.2.0.0
2025-09-16 08:17:26,002 [WARN] ConditionMgr:1044 - genDependencies : Invalid condition id : LAN8742 Phy interface Condition cause : null
2025-09-16 08:17:26,002 [WARN] ConditionMgr:1044 - genDependencies : Invalid condition id : LAN8742 Phy interface Condition cause : null
2025-09-16 08:17:26,003 [WARN] ConditionMgr:1044 - genDependencies : Invalid condition id : LAN8742 Phy interface Condition cause : null
2025-09-16 08:17:26,013 [WARN] PackLoader:240 - Cannot read IP mode file for STMicroelectronics.X-CUBE-SFXS2LP1.4.0.0
2025-09-16 08:17:26,033 [WARN] PackLoader:240 - Cannot read IP mode file for STMicroelectronics.X-CUBE-AZRTOS-H7.3.3.0
2025-09-16 08:17:26,053 [WARN] PackLoader:240 - Cannot read IP mode file for STMicroelectronics.X-CUBE-BLEMGR.4.1.0
2025-09-16 08:17:26,068 [WARN] ConditionMgr:438 - getConditionDescription Invalid condition id : UX DEVICE CLASS RTOS Condition cause : null
2025-09-16 08:17:26,068 [WARN] ConditionMgr:438 - getConditionDescription Invalid condition id : UX DEVICE CLASS RTOS Condition cause : null
2025-09-16 08:17:26,071 [WARN] PackLoader:240 - Cannot read IP mode file for STMicroelectronics.X-CUBE-AZRTOS-WB.2.0.0
2025-09-16 08:17:26,072 [WARN] ConditionMgr:1044 - genDependencies : Invalid condition id : UX DEVICE CLASS RTOS Condition cause : null
2025-09-16 08:17:26,072 [WARN] ConditionMgr:1044 - genDependencies : Invalid condition id : UX DEVICE CLASS RTOS Condition cause : null
2025-09-16 08:17:26,072 [WARN] ConditionMgr:1044 - genDependencies : Invalid condition id : UX DEVICE CLASS RTOS Condition cause : null
2025-09-16 08:17:26,072 [WARN] ConditionMgr:1044 - genDependencies : Invalid condition id : UX DEVICE CLASS RTOS Condition cause : null
2025-09-16 08:17:26,072 [WARN] ConditionMgr:1044 - genDependencies : Invalid condition id : UX DEVICE CLASS RTOS Condition cause : null
2025-09-16 08:17:26,077 [WARN] PackLoader:240 - Cannot read IP mode file for STMicroelectronics.X-CUBE-GNSS1.7.0.1
2025-09-16 08:17:26,082 [WARN] PackLoader:240 - Cannot read IP mode file for STMicroelectronics.X-CUBE-TOUCHGFX.4.25.0
2025-09-16 08:17:26,087 [WARN] PackLoader:240 - Cannot read IP mode file for STMicroelectronics.FP-SNS-STBOX1.2.0.0
2025-09-16 08:17:26,098 [WARN] PackLoader:240 - Cannot read IP mode file for STMicroelectronics.X-CUBE-SUBG2.5.0.0
2025-09-16 08:17:26,121 [WARN] PackLoader:240 - Cannot read IP mode file for STMicroelectronics.X-CUBE-AZRTOS-H7RS.1.1.0
2025-09-16 08:17:26,132 [WARN] PackLoader:240 - Cannot read IP mode file for Cesanta.I-CUBE-Mongoose.7.13.0
2025-09-16 08:17:26,144 [WARN] PackLoader:240 - Cannot read IP mode file for STMicroelectronics.X-CUBE-AZRTOS-G4.2.0.0
2025-09-16 08:17:26,152 [WARN] PackLoader:240 - Cannot read IP mode file for STMicroelectronics.X-CUBE-NFC7.2.0.0
2025-09-16 08:17:26,165 [WARN] PackLoader:240 - Cannot read IP mode file for STMicroelectronics.X-CUBE-IPS.3.1.0
2025-09-16 08:17:26,177 [WARN] PackLoader:240 - Cannot read IP mode file for STMicroelectronics.X-CUBE-ALS.1.0.2
2025-09-16 08:17:26,179 [WARN] PackLoader:240 - Cannot read IP mode file for STMicroelectronics.X-CUBE-TOUCHGFX.4.24.2
2025-09-16 08:17:26,182 [WARN] PackLoader:240 - Cannot read IP mode file for STMicroelectronics.X-CUBE-STSE01.1.0.0
2025-09-16 08:17:26,184 [WARN] PackLoader:240 - Cannot read IP mode file for wolfSSL.I-CUBE-wolfTPM.3.4.0
2025-09-16 08:17:26,186 [WARN] PackLoader:240 - Cannot read IP mode file for portGmbH.I-Cube-SoM-uGOAL.1.1.0
2025-09-16 08:17:26,201 [WARN] PackLoader:240 - Cannot read IP mode file for STMicroelectronics.X-CUBE-AZRTOS-H7RS.1.0.0
2025-09-16 08:17:26,214 [WARN] PackLoader:240 - Cannot read IP mode file for STMicroelectronics.X-CUBE-TOF1.3.4.2
2025-09-16 08:17:26,227 [WARN] PackLoader:240 - Cannot read IP mode file for STMicroelectronics.X-CUBE-TOF1.3.4.3
2025-09-16 08:17:26,235 [WARN] PackLoader:240 - Cannot read IP mode file for wolfSSL.I-CUBE-wolfSSH.1.4.17
2025-09-16 08:17:26,236 [INFO] ThirdParty:978 - Integrity check success = true
2025-09-16 08:17:26,236 [INFO] IntegrityCheckThread:100 - exiting critical section [integrity check]
2025-09-16 08:17:26,236 [INFO] IntegrityCheckThread:103 - End integrity checks thread
2025-09-16 08:17:26,712 [INFO] WebApp:168 - Instantiating new browser for Auth
2025-09-16 08:17:27,660 [INFO] WebApp:449 - Apply proxy settings
2025-09-16 08:17:27,671 [INFO] WebApp:494 - Chromium authenticates against Manually configured proxy
2025-09-16 08:17:27,686 [INFO] WebApp:502 - Username used for proxy authentication: 
2025-09-16 08:17:27,737 [INFO] WebApp:880 - Register for checkConnection events
2025-09-16 08:17:27,738 [INFO] WebApp:449 - Apply proxy settings
2025-09-16 08:17:27,740 [INFO] WebApp:494 - Chromium authenticates against Manually configured proxy
2025-09-16 08:17:27,741 [INFO] WebApp:502 - Username used for proxy authentication: 
2025-09-16 08:17:27,870 [INFO] WebApp:221 - Starting web application
2025-09-16 08:17:27,870 [INFO] WebApp:579 - Web application path used /Applications/STM32CubeIDE.app/Contents/Eclipse/plugins/com.st.stm32cube.common.mx_6.13.0.202411220809/db/plugins/mcufinder/reactClient1/index.html
2025-09-16 08:17:28,226 [INFO] WebApp:187 - Connection restablished
2025-09-16 08:31:22,577 [INFO] Activator:176 - 


2025-09-16 08:31:22,578 [INFO] Activator:177 - !SESSION log4j initialized
2025-09-16 08:31:23,848 [INFO] LogOutputStream:77 - [STDOUT_REDIRECT] 
2025-09-16 08:31:24,723 [ERROR] LogOutputStream:75 - [STDERR_REDIRECT] 
2025-09-16 08:31:26,148 [INFO] LogOutputStream:77 - [STDOUT_REDIRECT] 
2025-09-16 08:31:27,485 [INFO] ApplicationProperties:184 - Using Application install path: /Applications/STM32CubeIDE.app/Contents/Eclipse/plugins/com.st.stm32cube.common.mx_6.13.0.202411220809
2025-09-16 08:31:27,494 [INFO] DbMcusXml:78 - Set database path to: /Applications/STM32CubeIDE.app/Contents/Eclipse/plugins/com.st.stm32cube.common.mx_6.13.0.202411220809//db//mcu/
2025-09-16 08:31:27,495 [INFO] ApiDb:274 - Set plugin database path to: /Applications/STM32CubeIDE.app/Contents/Eclipse/plugins/com.st.stm32cube.common.mx_6.13.0.202411220809//db//plugins/boardmanager/
2025-09-16 08:31:27,496 [WARN] ApiDb:259 - Overriding images path with different value:  => /Applications/STM32CubeIDE.app/Contents/Eclipse/plugins/com.st.stm32cube.common.mx_6.13.0.202411220809//db//plugins/mcufinder/images/
2025-09-16 08:31:27,498 [INFO] ApiDb:250 - Set database path to: /Users/matheomorin/.stmcufinder/plugins/mcufinder//mcu/
2025-09-16 08:31:27,498 [INFO] DbMcusAds:125 - Set database path to: /Users/matheomorin/.stmcufinder/plugins/mcufinder//mcu/
2025-09-16 08:31:27,499 [INFO] CrossReferenceDbSqlite:203 - Set database path to: /Users/matheomorin/.stmcufinder/plugins/mcufinder//mcu/cs/
2025-09-16 08:31:27,612 [INFO] RulesReader:64 - Compatibility file has been processed (297 Rules)
2025-09-16 08:31:27,676 [INFO] DbMcusXml:78 - Set database path to: /Applications/STM32CubeIDE.app/Contents/Eclipse/plugins/com.st.stm32cube.common.mx_6.13.0.202411220809//db//mcu/
2025-09-16 08:31:27,676 [INFO] ApiDb:274 - Set plugin database path to: /Applications/STM32CubeIDE.app/Contents/Eclipse/plugins/com.st.stm32cube.common.mx_6.13.0.202411220809//db//plugins/boardmanager/
2025-09-16 08:31:27,676 [INFO] ApiDb:261 - Set plugin images path to: /Applications/STM32CubeIDE.app/Contents/Eclipse/plugins/com.st.stm32cube.common.mx_6.13.0.202411220809//db//plugins/mcufinder/images/
2025-09-16 08:31:27,677 [WARN] DbFile:41 - Overriding database path with different value: /Users/matheomorin/.stmcufinder/plugins/mcufinder/ => /Users/matheomorin/.stmcufinder/plugins/mcufinder
2025-09-16 08:31:27,677 [INFO] ApiDb:250 - Set database path to: /Users/matheomorin/.stmcufinder/plugins/mcufinder//mcu/
2025-09-16 08:31:27,677 [WARN] DbFile:41 - Overriding database path with different value: /Users/matheomorin/.stmcufinder/plugins/mcufinder/ => /Users/matheomorin/.stmcufinder/plugins/mcufinder
2025-09-16 08:31:27,677 [INFO] DbMcusAds:125 - Set database path to: /Users/matheomorin/.stmcufinder/plugins/mcufinder//mcu/
2025-09-16 08:31:27,677 [WARN] DbFile:41 - Overriding database path with different value: /Users/matheomorin/.stmcufinder/plugins/mcufinder/ => /Users/matheomorin/.stmcufinder/plugins/mcufinder
2025-09-16 08:31:27,677 [WARN] DbFile:41 - Overriding database path with different value: /Users/matheomorin/.stmcufinder/plugins/mcufinder/ => /Users/matheomorin/.stmcufinder/plugins/mcufinder
2025-09-16 08:31:27,677 [INFO] CrossReferenceDbSqlite:203 - Set database path to: /Users/matheomorin/.stmcufinder/plugins/mcufinder//mcu/cs/
2025-09-16 08:31:27,725 [INFO] MainPanel:272 - HeapMemory: 268435456
2025-09-16 08:31:27,942 [INFO] DbMcusXml:78 - Set database path to: /Applications/STM32CubeIDE.app/Contents/Eclipse/plugins/com.st.stm32cube.common.mx_6.13.0.202411220809//db//mcu/
2025-09-16 08:31:27,942 [INFO] ApiDb:274 - Set plugin database path to: /Applications/STM32CubeIDE.app/Contents/Eclipse/plugins/com.st.stm32cube.common.mx_6.13.0.202411220809//db//plugins/boardmanager/
2025-09-16 08:31:27,942 [INFO] ApiDb:261 - Set plugin images path to: /Applications/STM32CubeIDE.app/Contents/Eclipse/plugins/com.st.stm32cube.common.mx_6.13.0.202411220809//db//plugins/mcufinder/images/
2025-09-16 08:31:27,943 [WARN] DbFile:41 - Overriding database path with different value: /Users/matheomorin/.stmcufinder/plugins/mcufinder/ => /Users/matheomorin/.stmcufinder/plugins/mcufinder
2025-09-16 08:31:27,943 [INFO] ApiDb:250 - Set database path to: /Users/matheomorin/.stmcufinder/plugins/mcufinder//mcu/
2025-09-16 08:31:27,943 [WARN] DbFile:41 - Overriding database path with different value: /Users/matheomorin/.stmcufinder/plugins/mcufinder/ => /Users/matheomorin/.stmcufinder/plugins/mcufinder
2025-09-16 08:31:27,943 [INFO] DbMcusAds:125 - Set database path to: /Users/matheomorin/.stmcufinder/plugins/mcufinder//mcu/
2025-09-16 08:31:27,943 [WARN] DbFile:41 - Overriding database path with different value: /Users/matheomorin/.stmcufinder/plugins/mcufinder/ => /Users/matheomorin/.stmcufinder/plugins/mcufinder
2025-09-16 08:31:27,943 [WARN] DbFile:41 - Overriding database path with different value: /Users/matheomorin/.stmcufinder/plugins/mcufinder/ => /Users/matheomorin/.stmcufinder/plugins/mcufinder
2025-09-16 08:31:27,943 [INFO] CrossReferenceDbSqlite:203 - Set database path to: /Users/matheomorin/.stmcufinder/plugins/mcufinder//mcu/cs/
2025-09-16 08:31:27,957 [INFO] ApplicationProperties:184 - Using Application install path: /Applications/STM32CubeIDE.app/Contents/Eclipse/plugins/com.st.stm32cube.common.mx_6.13.0.202411220809
2025-09-16 08:31:27,958 [INFO] PluginManage:196 - Search for loadable plugins [exclusion list=, ]
2025-09-16 08:31:27,959 [INFO] PluginManage:310 - Check plugin analytics
2025-09-16 08:31:28,127 [INFO] AnalyticsPlugin:253 - Accepted Software Licenses: 
2025-09-16 08:31:28,127 [INFO] AnalyticsPlugin:255 - Accepted CMSIS Pack Licenses: 
2025-09-16 08:31:28,127 [INFO] AnalyticsPlugin:257 - Accepted Firmware Licenses: 
2025-09-16 08:31:28,138 [INFO] PluginManage:359 - Loaded plugin analytics (category:tool,tabindex:-1)
2025-09-16 08:31:28,139 [INFO] PluginManage:310 - Check plugin cadmodel
2025-09-16 08:31:28,147 [INFO] CADModel:105 - Init CAD model plugin
2025-09-16 08:31:28,147 [INFO] PluginManage:359 - Loaded plugin cadmodel (category:power,tabindex:5)
2025-09-16 08:31:28,148 [INFO] PluginManage:310 - Check plugin clock
2025-09-16 08:31:28,158 [INFO] PluginManage:359 - Loaded plugin clock (category:base,tabindex:2)
2025-09-16 08:31:28,158 [INFO] PluginManage:310 - Check plugin ddr
2025-09-16 08:31:28,160 [INFO] PluginManage:359 - Loaded plugin ddr (category:tool,tabindex:6)
2025-09-16 08:31:28,161 [INFO] PluginManage:310 - Check plugin filemanager
2025-09-16 08:31:28,296 [INFO] PluginManage:359 - Loaded plugin filemanager (category:base,tabindex:10)
2025-09-16 08:31:28,296 [INFO] PluginManage:310 - Check plugin ipmanager
2025-09-16 08:31:28,306 [INFO] PluginManage:359 - Loaded plugin ipmanager (category:base,tabindex:5)
2025-09-16 08:31:28,307 [INFO] PluginManage:310 - Check plugin lpbam
2025-09-16 08:31:28,484 [INFO] PluginManage:359 - Loaded plugin lpbam (category:base,tabindex:0)
2025-09-16 08:31:28,493 [INFO] PluginManage:310 - Check plugin memorymap
2025-09-16 08:31:28,547 [INFO] PluginManage:359 - Loaded plugin memorymap (category:base,tabindex:4)
2025-09-16 08:31:28,548 [INFO] PluginManage:310 - Check plugin pinoutandconfiguration
2025-09-16 08:31:28,554 [INFO] PluginManage:359 - Loaded plugin pinoutandconfiguration (category:base,tabindex:1)
2025-09-16 08:31:28,555 [INFO] PluginManage:310 - Check plugin pinoutconfig
2025-09-16 08:31:28,685 [WARN] SupportedApi:132 - Cannot load RTOS API schema: s4s-elt-must-match.1: The content of 'definitions' must match (annotation?, (simpleType | complexType)?, (unique | key | keyref)*)). A problem was found starting at: attribute.
2025-09-16 08:31:28,801 [INFO] PluginManage:359 - Loaded plugin pinoutconfig (category:base,tabindex:0)
2025-09-16 08:31:28,801 [INFO] PluginManage:310 - Check plugin power
2025-09-16 08:31:28,809 [INFO] PluginManage:359 - Loaded plugin power (category:power,tabindex:4)
2025-09-16 08:31:28,810 [INFO] PluginManage:310 - Check plugin projectmanager
2025-09-16 08:31:28,834 [INFO] PluginManage:359 - Loaded plugin projectmanager (category:projectmanager,tabindex:4)
2025-09-16 08:31:28,834 [INFO] PluginManage:310 - Check plugin rif
2025-09-16 08:31:28,836 [INFO] PluginManage:359 - Loaded plugin rif (category:base,tabindex:3)
2025-09-16 08:31:28,837 [INFO] PluginManage:310 - Check plugin thirdparty
2025-09-16 08:31:28,932 [INFO] PluginManage:359 - Loaded plugin thirdparty (category:base,tabindex:-1)
2025-09-16 08:31:28,932 [INFO] PluginManage:310 - Check plugin tools
2025-09-16 08:31:28,936 [INFO] PluginManage:359 - Loaded plugin tools (category:base,tabindex:7)
2025-09-16 08:31:28,936 [INFO] PluginManage:310 - Check plugin tutovideos
2025-09-16 08:31:28,932 [WARN] IntegrityCheckThread:84 - waiting for thirdparty lock release [integrity check]
2025-09-16 08:31:28,936 [INFO] IntegrityCheckThread:86 - entering critical section [integrity check]
2025-09-16 08:31:28,937 [INFO] ThirdPartyUpdaterWithRetryManager:70 - Updater plugin not ready yet. [1/15]
2025-09-16 08:31:29,049 [INFO] PluginManage:359 - Loaded plugin tutovideos (category:base,tabindex:-1)
2025-09-16 08:31:29,049 [INFO] PluginManage:310 - Check plugin updater
2025-09-16 08:31:29,066 [INFO] PluginManage:359 - Loaded plugin updater (category:base,tabindex:12)
2025-09-16 08:31:29,066 [INFO] PluginManage:310 - Check plugin userauth
2025-09-16 08:31:29,070 [INFO] UserAuth:118 - Init User Auth plugin
2025-09-16 08:31:29,070 [INFO] PluginManage:359 - Loaded plugin userauth (category:base,tabindex:14)
2025-09-16 08:31:29,072 [INFO] PluginManage:283 - PluginManage : Loaded plugins [18]
2025-09-16 08:31:29,229 [INFO] PinOutPanel:1589 - setPackage(No Configuration,No Configuration)
2025-09-16 08:31:29,277 [INFO] CADModel:165 - CPN selected for project level
2025-09-16 08:31:29,277 [INFO] CADModel:114 - Register for checkConnection events
2025-09-16 08:31:29,287 [INFO] IPUIPlugin:80 - create IPUIPlugin
2025-09-16 08:31:29,287 [INFO] PluginManager:220 - loadIPPluginJar : add mdma
2025-09-16 08:31:29,292 [INFO] IPUIPlugin:80 - create IPUIPlugin
2025-09-16 08:31:29,293 [INFO] PluginManager:220 - loadIPPluginJar : add freertos
2025-09-16 08:31:29,295 [INFO] IPUIPlugin:80 - create IPUIPlugin
2025-09-16 08:31:29,296 [INFO] PluginManager:220 - loadIPPluginJar : add gic
2025-09-16 08:31:29,300 [INFO] IPUIPlugin:80 - create IPUIPlugin
2025-09-16 08:31:29,300 [INFO] PluginManager:220 - loadIPPluginJar : add adc
2025-09-16 08:31:29,301 [INFO] IPUIPlugin:80 - create IPUIPlugin
2025-09-16 08:31:29,301 [INFO] PluginManager:220 - loadIPPluginJar : add gtzc
2025-09-16 08:31:29,302 [INFO] IPUIPlugin:80 - create IPUIPlugin
2025-09-16 08:31:29,302 [INFO] PluginManager:220 - loadIPPluginJar : add quadspi
2025-09-16 08:31:29,303 [INFO] IPUIPlugin:80 - create IPUIPlugin
2025-09-16 08:31:29,303 [INFO] PluginManager:220 - loadIPPluginJar : add aes
2025-09-16 08:31:29,304 [INFO] IPUIPlugin:80 - create IPUIPlugin
2025-09-16 08:31:29,304 [INFO] PluginManager:220 - loadIPPluginJar : add pdm2pcm
2025-09-16 08:31:29,304 [INFO] IPUIPlugin:80 - create IPUIPlugin
2025-09-16 08:31:29,304 [INFO] PluginManager:220 - loadIPPluginJar : add hash
2025-09-16 08:31:29,305 [INFO] IPUIPlugin:80 - create IPUIPlugin
2025-09-16 08:31:29,306 [INFO] PluginManager:220 - loadIPPluginJar : add tim
2025-09-16 08:31:29,306 [INFO] IPUIPlugin:80 - create IPUIPlugin
2025-09-16 08:31:29,306 [INFO] PluginManager:220 - loadIPPluginJar : add tsc
2025-09-16 08:31:29,307 [INFO] IPUIPlugin:80 - create IPUIPlugin
2025-09-16 08:31:29,307 [INFO] PluginManager:220 - loadIPPluginJar : add extmemmanager
2025-09-16 08:31:29,308 [INFO] IPUIPlugin:80 - create IPUIPlugin
2025-09-16 08:31:29,308 [INFO] PluginManager:220 - loadIPPluginJar : add ts
2025-09-16 08:31:29,309 [INFO] IPUIPlugin:80 - create IPUIPlugin
2025-09-16 08:31:29,309 [INFO] PluginManager:220 - loadIPPluginJar : add radio
2025-09-16 08:31:29,309 [INFO] IPUIPlugin:80 - create IPUIPlugin
2025-09-16 08:31:29,309 [INFO] PluginManager:220 - loadIPPluginJar : add can
2025-09-16 08:31:29,310 [INFO] IPUIPlugin:80 - create IPUIPlugin
2025-09-16 08:31:29,310 [INFO] PluginManager:220 - loadIPPluginJar : add dma3
2025-09-16 08:31:29,311 [INFO] IPUIPlugin:80 - create IPUIPlugin
2025-09-16 08:31:29,311 [INFO] PluginManager:220 - loadIPPluginJar : add dfsdm
2025-09-16 08:31:29,311 [INFO] IPUIPlugin:80 - create IPUIPlugin
2025-09-16 08:31:29,311 [INFO] PluginManager:220 - loadIPPluginJar : add spi
2025-09-16 08:31:29,312 [INFO] IPUIPlugin:80 - create IPUIPlugin
2025-09-16 08:31:29,312 [INFO] PluginManager:220 - loadIPPluginJar : add gfxmmu
2025-09-16 08:31:29,313 [INFO] IPUIPlugin:80 - create IPUIPlugin
2025-09-16 08:31:29,313 [INFO] PluginManager:220 - loadIPPluginJar : add genericplugin
2025-09-16 08:31:29,314 [INFO] IPUIPlugin:80 - create IPUIPlugin
2025-09-16 08:31:29,314 [INFO] PluginManager:220 - loadIPPluginJar : add cryp
2025-09-16 08:31:29,316 [INFO] IPUIPlugin:80 - create IPUIPlugin
2025-09-16 08:31:29,316 [INFO] PluginManager:220 - loadIPPluginJar : add gpio
2025-09-16 08:31:29,318 [INFO] IPUIPlugin:80 - create IPUIPlugin
2025-09-16 08:31:29,318 [INFO] PluginManager:220 - loadIPPluginJar : add ddr_ctrl_phy
2025-09-16 08:31:29,320 [INFO] IPUIPlugin:80 - create IPUIPlugin
2025-09-16 08:31:29,320 [INFO] PluginManager:220 - loadIPPluginJar : add comp
2025-09-16 08:31:29,321 [INFO] IPUIPlugin:80 - create IPUIPlugin
2025-09-16 08:31:29,322 [INFO] PluginManager:220 - loadIPPluginJar : add tracer_emb
2025-09-16 08:31:29,323 [INFO] IPUIPlugin:80 - create IPUIPlugin
2025-09-16 08:31:29,323 [INFO] PluginManager:220 - loadIPPluginJar : add openamp
2025-09-16 08:31:29,325 [INFO] IPUIPlugin:80 - create IPUIPlugin
2025-09-16 08:31:29,325 [INFO] PluginManager:220 - loadIPPluginJar : add stm32_wpan
2025-09-16 08:31:29,327 [INFO] IPUIPlugin:80 - create IPUIPlugin
2025-09-16 08:31:29,329 [INFO] PluginManager:220 - loadIPPluginJar : add plateformsettings
2025-09-16 08:31:29,331 [INFO] IPUIPlugin:80 - create IPUIPlugin
2025-09-16 08:31:29,331 [INFO] PluginManager:220 - loadIPPluginJar : add ipddr
2025-09-16 08:31:29,331 [INFO] IPUIPlugin:80 - create IPUIPlugin
2025-09-16 08:31:29,331 [INFO] PluginManager:220 - loadIPPluginJar : add usart
2025-09-16 08:31:29,332 [INFO] IPUIPlugin:80 - create IPUIPlugin
2025-09-16 08:31:29,332 [INFO] PluginManager:220 - loadIPPluginJar : add ltdc
2025-09-16 08:31:29,334 [INFO] IPUIPlugin:80 - create IPUIPlugin
2025-09-16 08:31:29,334 [INFO] PluginManager:220 - loadIPPluginJar : add nvic
2025-09-16 08:31:29,334 [INFO] IPUIPlugin:80 - create IPUIPlugin
2025-09-16 08:31:29,334 [INFO] PluginManager:220 - loadIPPluginJar : add fatfs
2025-09-16 08:31:29,337 [INFO] IPUIPlugin:80 - create IPUIPlugin
2025-09-16 08:31:29,337 [INFO] PluginManager:220 - loadIPPluginJar : add linkedlist
2025-09-16 08:31:29,339 [INFO] IPUIPlugin:80 - create IPUIPlugin
2025-09-16 08:31:29,340 [INFO] PluginManager:220 - loadIPPluginJar : add dma
2025-09-16 08:31:29,342 [INFO] IPUIPlugin:80 - create IPUIPlugin
2025-09-16 08:31:29,342 [INFO] PluginManager:220 - loadIPPluginJar : add fmc
2025-09-16 08:31:29,342 [INFO] IPUIPlugin:80 - create IPUIPlugin
2025-09-16 08:31:29,342 [INFO] PluginManager:220 - loadIPPluginJar : add i2s
2025-09-16 08:31:29,343 [INFO] IPUIPlugin:80 - create IPUIPlugin
2025-09-16 08:31:29,343 [INFO] PluginManager:220 - loadIPPluginJar : add ucpd
2025-09-16 08:31:29,344 [INFO] IPUIPlugin:80 - create IPUIPlugin
2025-09-16 08:31:29,344 [INFO] PluginManager:220 - loadIPPluginJar : add lorawan
2025-09-16 08:31:29,345 [INFO] IPUIPlugin:80 - create IPUIPlugin
2025-09-16 08:31:29,345 [INFO] PluginManager:220 - loadIPPluginJar : add opamp
2025-09-16 08:31:29,346 [INFO] IPUIPlugin:80 - create IPUIPlugin
2025-09-16 08:31:29,346 [INFO] PluginManager:220 - loadIPPluginJar : add i3c
2025-09-16 08:31:29,347 [INFO] IPUIPlugin:80 - create IPUIPlugin
2025-09-16 08:31:29,347 [INFO] PluginManager:220 - loadIPPluginJar : add touchsensing
2025-09-16 08:31:29,348 [INFO] IPUIPlugin:80 - create IPUIPlugin
2025-09-16 08:31:29,348 [INFO] PluginManager:220 - loadIPPluginJar : add i2c
2025-09-16 08:31:29,349 [INFO] IPUIPlugin:80 - create IPUIPlugin
2025-09-16 08:31:29,349 [INFO] PluginManager:220 - loadIPPluginJar : add resmgrutility
2025-09-16 08:31:29,350 [INFO] IPUIPlugin:80 - create IPUIPlugin
2025-09-16 08:31:29,350 [INFO] PluginManager:220 - loadIPPluginJar : add sai
2025-09-16 08:31:29,351 [INFO] IPUIPlugin:80 - create IPUIPlugin
2025-09-16 08:31:29,351 [INFO] PluginManager:220 - loadIPPluginJar : add usbx
2025-09-16 08:31:29,471 [FATAL] Updater:351 - Updater called before beeing initialized
2025-09-16 08:31:29,529 [INFO] RulesReader:64 - Compatibility file has been processed (297 Rules)
2025-09-16 08:31:29,540 [INFO] RulesReader:64 - Compatibility file has been processed (297 Rules)
2025-09-16 08:31:29,565 [INFO] CADModel:165 - CPN selected for project level
2025-09-16 08:31:29,565 [INFO] CADModel:114 - Register for checkConnection events
2025-09-16 08:31:29,565 [FATAL] Updater:351 - Updater called before beeing initialized
2025-09-16 08:31:29,565 [ERROR] CADModel:125 - Updater not yet initialized, retry later 
2025-09-16 08:31:29,731 [ERROR] LogOutputStream:75 - [STDERR_REDIRECT] [Fatal Error] :2:10: DOCTYPE is disallowed when the feature "http://apache.org/xml/features/disallow-doctype-decl" set to true.
2025-09-16 08:31:29,737 [ERROR] LogOutputStream:75 - [STDERR_REDIRECT] 
2025-09-16 08:31:29,780 [FATAL] Updater:351 - Updater called before beeing initialized
2025-09-16 08:31:29,781 [INFO] CADModel:165 - CPN selected for project level
2025-09-16 08:31:29,782 [INFO] CADModel:114 - Register for checkConnection events
2025-09-16 08:31:29,782 [FATAL] Updater:351 - Updater called before beeing initialized
2025-09-16 08:31:29,782 [ERROR] CADModel:125 - Updater not yet initialized, retry later 
2025-09-16 08:31:29,784 [FATAL] Updater:351 - Updater called before beeing initialized
2025-09-16 08:31:29,882 [FATAL] Updater:351 - Updater called before beeing initialized
2025-09-16 08:31:29,886 [INFO] DbMcusAds:53 - JSON generation date=Thu Sep 30 08:55:09 CEST 2021 (1632984909247)
2025-09-16 08:31:29,886 [FATAL] Updater:351 - Updater called before beeing initialized
2025-09-16 08:31:29,924 [WARN] DetailPanel:346 - Failed to get advertising image, set to default
2025-09-16 08:31:30,060 [FATAL] Updater:351 - Updater called before beeing initialized
2025-09-16 08:31:30,061 [FATAL] Updater:351 - Updater called before beeing initialized
2025-09-16 08:31:30,061 [FATAL] Updater:351 - Updater called before beeing initialized
2025-09-16 08:31:30,062 [WARN] DetailPanel:346 - Failed to get advertising image, set to default
2025-09-16 08:31:30,062 [FATAL] Updater:351 - Updater called before beeing initialized
2025-09-16 08:31:30,110 [ERROR] Updater:1198 - MainUpdater not yet initialized. External WinMGr cannot be set.
2025-09-16 08:31:30,117 [INFO] Updater:1134 - Updater Version found : 6.13.0
2025-09-16 08:31:30,125 [INFO] ApplicationProperties:184 - Using Application install path: /Applications/STM32CubeIDE.app/Contents/Eclipse/plugins/com.st.stm32cube.common.mx_6.13.0.202411220809
2025-09-16 08:31:30,358 [INFO] MainUpdater:2872 - connection check result : 10
2025-09-16 08:31:30,359 [INFO] MainUpdater:289 - Updater Check For Update Now.
2025-09-16 08:31:30,359 [INFO] MicroXplorer:498 - Change Database Version : DB.6.0.130
2025-09-16 08:31:30,361 [INFO] McuFinderGlobals:63 - Set McuFinder mode to 2 (CubeIDE integrated)
2025-09-16 08:31:30,362 [INFO] UserAuth:171 - activating auth plugin
2025-09-16 08:31:30,374 [INFO] UserAuth:486 - Internet connection configuration mode: 1
2025-09-16 08:31:30,384 [INFO] JxBrowserEngine:152 - Initiate JxBrowser Engine with user profile folder
2025-09-16 08:31:30,636 [INFO] CheckServerUpdateThread:120 - End of CheckServer Thread
2025-09-16 08:31:32,075 [WARN] PackLoader:240 - Cannot read IP mode file for STMicroelectronics.FP-SNS-MOTENVWB1.1.4.0
2025-09-16 08:31:32,091 [WARN] PackLoader:240 - Cannot read IP mode file for STMicroelectronics.FP-ATR-ASTRA1.2.0.2
2025-09-16 08:31:32,098 [WARN] PackLoader:240 - Cannot read IP mode file for STMicroelectronics.FP-ATR-ASTRA1.2.0.1
2025-09-16 08:31:32,106 [WARN] PackLoader:240 - Cannot read IP mode file for STMicroelectronics.X-CUBE-SMBUS.2.1.0
2025-09-16 08:31:32,112 [WARN] PackLoader:240 - Cannot read IP mode file for STMicroelectronics.X-CUBE-WB05N.1.1.0
2025-09-16 08:31:32,117 [WARN] PackLoader:240 - Cannot read IP mode file for STMicroelectronics.X-CUBE-ST60.1.0.0
2025-09-16 08:31:32,176 [WARN] PackLoader:240 - Cannot read IP mode file for STMicroelectronics.X-CUBE-AZRTOS-F7.1.1.0
2025-09-16 08:31:32,206 [WARN] PackLoader:240 - Cannot read IP mode file for STMicroelectronics.FP-SNS-FLIGHT1.5.0.2
2025-09-16 08:31:32,258 [WARN] PackLoader:240 - Cannot read IP mode file for Infineon.AIROC-Wi-Fi-Bluetooth-STM32.1.7.0
2025-09-16 08:31:32,312 [WARN] PackLoader:240 - Cannot read IP mode file for STMicroelectronics.X-CUBE-AZRTOS-H7.3.4.0
2025-09-16 08:31:32,338 [WARN] PackLoader:240 - Cannot read IP mode file for STMicroelectronics.X-CUBE-DISPLAY.3.0.0
2025-09-16 08:31:32,360 [WARN] PackLoader:240 - Cannot read IP mode file for STMicroelectronics.X-CUBE-BLE1.7.0.0
2025-09-16 08:31:32,371 [WARN] PackLoader:240 - Cannot read IP mode file for STMicroelectronics.X-CUBE-NFC10.1.0.0
2025-09-16 08:31:32,389 [WARN] PackLoader:240 - Cannot read IP mode file for STMicroelectronics.X-CUBE-BLEMGR.4.0.0
2025-09-16 08:31:32,404 [WARN] PackLoader:240 - Cannot read IP mode file for emotas.I-CUBE-CANOPEN.1.3.0
2025-09-16 08:31:32,407 [ERROR] Engine:466 - /Users/matheomorin/.stm32cubemx/thirdparties/pdsc/STMicroelectronics.FP-SNS-STBOX1.2.1.0.pdsc: PDSC version is not supported
2025-09-16 08:31:32,413 [WARN] PackLoader:240 - Cannot read IP mode file for STMicroelectronics.FP-SNS-SMARTAG2.1.2.0
2025-09-16 08:31:32,416 [WARN] PackLoader:240 - Cannot read IP mode file for STMicroelectronics.FP-SNS-FLIGHT1.5.1.0
2025-09-16 08:31:32,490 [WARN] PackLoader:240 - Cannot read IP mode file for STMicroelectronics.X-CUBE-MEMS1.11.1.0
2025-09-16 08:31:32,919 [INFO] LogOutputStream:77 - [STDOUT_REDIRECT] 1 : Invalid condition id : UX_CORESTACK_Condition cause : null
2025-09-16 08:31:32,940 [INFO] LogOutputStream:77 - [STDOUT_REDIRECT] 1 : Invalid condition id : UX_CORESTACK_Condition cause : null
2025-09-16 08:31:32,944 [INFO] LogOutputStream:77 - [STDOUT_REDIRECT] 1 : Invalid condition id : UX_CORESTACK_Condition cause : null
2025-09-16 08:31:32,948 [INFO] LogOutputStream:77 - [STDOUT_REDIRECT] 1 : Invalid condition id : UX_CORESTACK_Condition cause : null
2025-09-16 08:31:32,948 [INFO] LogOutputStream:77 - [STDOUT_REDIRECT] 1 : Invalid condition id : UX_CORESTACK_Condition cause : null
2025-09-16 08:31:32,958 [WARN] PackLoader:240 - Cannot read IP mode file for STMicroelectronics.X-CUBE-AZRTOS-WL.2.0.0
2025-09-16 08:31:33,013 [WARN] PackLoader:240 - Cannot read IP mode file for STMicroelectronics.FP-SNS-MOTENV1.5.0.0
2025-09-16 08:31:33,022 [WARN] PackLoader:240 - Cannot read IP mode file for wolfSSL.I-CUBE-wolfMQTT.1.19.0
2025-09-16 08:31:33,040 [WARN] PackLoader:240 - Cannot read IP mode file for WES.I-CUBE-Cesium.1.3.0
2025-09-16 08:31:33,049 [WARN] PackLoader:240 - Cannot read IP mode file for STMicroelectronics.X-CUBE-BLE2.3.3.0
2025-09-16 08:31:33,056 [WARN] PackLoader:240 - Cannot read IP mode file for STMicroelectronics.X-CUBE-NFC9.1.0.0
2025-09-16 08:31:33,062 [WARN] PackLoader:240 - Cannot read IP mode file for STMicroelectronics.X-CUBE-BLE1.7.1.0
2025-09-16 08:31:33,068 [WARN] PackLoader:240 - Cannot read IP mode file for STMicroelectronics.X-CUBE-EEPRMA1.5.2.0
2025-09-16 08:31:33,088 [WARN] PackLoader:240 - Cannot read IP mode file for STMicroelectronics.X-CUBE-AZRTOS-G0.1.1.0
2025-09-16 08:31:33,101 [WARN] PackLoader:240 - Cannot read IP mode file for STMicroelectronics.X-CUBE-SAFEA1.1.2.2
2025-09-16 08:31:33,110 [WARN] PackLoader:240 - Cannot read IP mode file for STMicroelectronics.X-CUBE-NFC4.3.0.0
2025-09-16 08:31:33,122 [WARN] PackLoader:240 - Cannot read IP mode file for EmbeddedOffice.I-CUBE-FS-RTOS.1.0.1
2025-09-16 08:31:33,138 [WARN] PackLoader:240 - Cannot read IP mode file for STMicroelectronics.X-CUBE-WB05N.2.0.0
2025-09-16 08:31:33,146 [WARN] PackLoader:240 - Cannot read IP mode file for STMicroelectronics.X-CUBE-TCPP.4.2.0
2025-09-16 08:31:33,152 [WARN] PackLoader:240 - Cannot read IP mode file for RealThread.X-CUBE-RT-Thread_Nano.4.1.1
2025-09-16 08:31:33,158 [WARN] PackLoader:240 - Cannot read IP mode file for STMicroelectronics.FP-ATR-SIGFOX1.3.2.0
2025-09-16 08:31:33,161 [WARN] ConditionMgr:438 - getConditionDescription Invalid condition id : Cortex-A Device cause : null
2025-09-16 08:31:33,219 [WARN] ConditionMgr:1044 - genDependencies : Invalid condition id : Cortex-A Device cause : null
2025-09-16 08:31:33,220 [WARN] ConditionMgr:1044 - genDependencies : Invalid condition id : Cortex-A Device cause : null
2025-09-16 08:31:33,220 [WARN] ConditionMgr:1044 - genDependencies : Invalid condition id : Cortex-A Device cause : null
2025-09-16 08:31:33,236 [WARN] PackLoader:240 - Cannot read IP mode file for STMicroelectronics.X-CUBE-EEPRMA1.5.1.0
2025-09-16 08:31:33,239 [WARN] PackLoader:240 - Cannot read IP mode file for wolfSSL.I-CUBE-wolfSSL.5.7.4
2025-09-16 08:31:33,245 [WARN] PackLoader:240 - Cannot read IP mode file for ITTIA_DB.I-CUBE-ITTIADB.8.9.0
2025-09-16 08:31:33,253 [WARN] PackLoader:240 - Cannot read IP mode file for STMicroelectronics.X-CUBE-ST67W61.1.0.0
2025-09-16 08:31:33,262 [WARN] PackLoader:240 - Cannot read IP mode file for STMicroelectronics.X-CUBE-AI.10.2.0
2025-09-16 08:31:33,334 [WARN] PackLoader:240 - Cannot read IP mode file for SEGGER.I-CUBE-embOS.1.3.1
2025-09-16 08:31:33,375 [WARN] PackLoader:240 - Cannot read IP mode file for STMicroelectronics.X-CUBE-ALGOBUILD.1.4.0
2025-09-16 08:31:33,443 [WARN] PackLoader:240 - Cannot read IP mode file for STMicroelectronics.X-CUBE-MEMS1.11.3.0
2025-09-16 08:31:33,503 [WARN] PackLoader:240 - Cannot read IP mode file for STMicroelectronics.X-CUBE-AI.9.1.0
2025-09-16 08:31:33,516 [WARN] PackLoader:240 - Cannot read IP mode file for STMicroelectronics.X-CUBE-PM33A1.1.0.0
2025-09-16 08:31:33,550 [WARN] PackLoader:240 - Cannot read IP mode file for STMicroelectronics.X-CUBE-AZRTOS-F4.1.1.0
2025-09-16 08:31:33,562 [WARN] PackLoader:240 - Cannot read IP mode file for Avnet-IotConnect.X-CUBE-IoTC-DA16k-PMOD.1.0.0
2025-09-16 08:31:33,568 [WARN] PackLoader:240 - Cannot read IP mode file for STMicroelectronics.X-CUBE-ISPU.2.1.0
2025-09-16 08:31:33,579 [WARN] PackLoader:240 - Cannot read IP mode file for STMicroelectronics.X-CUBE-NFC12.1.0.0
2025-09-16 08:31:33,610 [WARN] PackLoader:240 - Cannot read IP mode file for STMicroelectronics.X-CUBE-AZRTOS-L5.2.0.0
2025-09-16 08:31:33,623 [WARN] PackLoader:240 - Cannot read IP mode file for STMicroelectronics.X-CUBE-NFC6.3.1.0
2025-09-16 08:31:33,637 [WARN] PackLoader:240 - Cannot read IP mode file for STMicroelectronics.X-CUBE-DPower.1.2.0
2025-09-16 08:31:33,648 [WARN] PackLoader:240 - Cannot read IP mode file for STMicroelectronics.X-CUBE-FREERTOS.1.3.1
2025-09-16 08:31:33,651 [WARN] PackLoader:240 - Cannot read IP mode file for STMicroelectronics.X-CUBE-FREERTOS.1.3.0
2025-09-16 08:31:33,655 [WARN] PackLoader:240 - Cannot read IP mode file for STMicroelectronics.X-CUBE-NFC7.1.0.1
2025-09-16 08:31:33,659 [WARN] PackLoader:240 - Cannot read IP mode file for STMicroelectronics.FP-SNS-STAIOTCFT.1.0.0
2025-09-16 08:31:33,665 [WARN] PackLoader:240 - Cannot read IP mode file for STMicroelectronics.X-CUBE-DPower.1.3.0
2025-09-16 08:31:33,681 [WARN] ConditionMgr:438 - getConditionDescription Invalid condition id : LAN8742 Phy interface Condition cause : null
2025-09-16 08:31:33,682 [WARN] PackLoader:240 - Cannot read IP mode file for STMicroelectronics.X-CUBE-AZRTOS-L4.2.0.0
2025-09-16 08:31:33,684 [WARN] ConditionMgr:1044 - genDependencies : Invalid condition id : LAN8742 Phy interface Condition cause : null
2025-09-16 08:31:33,684 [WARN] ConditionMgr:1044 - genDependencies : Invalid condition id : LAN8742 Phy interface Condition cause : null
2025-09-16 08:31:33,685 [WARN] ConditionMgr:1044 - genDependencies : Invalid condition id : LAN8742 Phy interface Condition cause : null
2025-09-16 08:31:33,697 [WARN] PackLoader:240 - Cannot read IP mode file for STMicroelectronics.X-CUBE-SFXS2LP1.4.0.0
2025-09-16 08:31:33,719 [WARN] PackLoader:240 - Cannot read IP mode file for STMicroelectronics.X-CUBE-AZRTOS-H7.3.3.0
2025-09-16 08:31:33,735 [WARN] PackLoader:240 - Cannot read IP mode file for STMicroelectronics.X-CUBE-BLEMGR.4.1.0
2025-09-16 08:31:33,753 [WARN] ConditionMgr:438 - getConditionDescription Invalid condition id : UX DEVICE CLASS RTOS Condition cause : null
2025-09-16 08:31:33,753 [WARN] ConditionMgr:438 - getConditionDescription Invalid condition id : UX DEVICE CLASS RTOS Condition cause : null
2025-09-16 08:31:33,756 [WARN] PackLoader:240 - Cannot read IP mode file for STMicroelectronics.X-CUBE-AZRTOS-WB.2.0.0
2025-09-16 08:31:33,757 [WARN] ConditionMgr:1044 - genDependencies : Invalid condition id : UX DEVICE CLASS RTOS Condition cause : null
2025-09-16 08:31:33,757 [WARN] ConditionMgr:1044 - genDependencies : Invalid condition id : UX DEVICE CLASS RTOS Condition cause : null
2025-09-16 08:31:33,757 [WARN] ConditionMgr:1044 - genDependencies : Invalid condition id : UX DEVICE CLASS RTOS Condition cause : null
2025-09-16 08:31:33,757 [WARN] ConditionMgr:1044 - genDependencies : Invalid condition id : UX DEVICE CLASS RTOS Condition cause : null
2025-09-16 08:31:33,758 [WARN] ConditionMgr:1044 - genDependencies : Invalid condition id : UX DEVICE CLASS RTOS Condition cause : null
2025-09-16 08:31:33,763 [WARN] PackLoader:240 - Cannot read IP mode file for STMicroelectronics.X-CUBE-GNSS1.7.0.1
2025-09-16 08:31:33,768 [WARN] PackLoader:240 - Cannot read IP mode file for STMicroelectronics.X-CUBE-TOUCHGFX.4.25.0
2025-09-16 08:31:33,773 [WARN] PackLoader:240 - Cannot read IP mode file for STMicroelectronics.FP-SNS-STBOX1.2.0.0
2025-09-16 08:31:33,785 [WARN] PackLoader:240 - Cannot read IP mode file for STMicroelectronics.X-CUBE-SUBG2.5.0.0
2025-09-16 08:31:33,814 [WARN] PackLoader:240 - Cannot read IP mode file for STMicroelectronics.X-CUBE-AZRTOS-H7RS.1.1.0
2025-09-16 08:31:33,832 [WARN] PackLoader:240 - Cannot read IP mode file for Cesanta.I-CUBE-Mongoose.7.13.0
2025-09-16 08:31:33,846 [WARN] PackLoader:240 - Cannot read IP mode file for STMicroelectronics.X-CUBE-AZRTOS-G4.2.0.0
2025-09-16 08:31:33,858 [WARN] PackLoader:240 - Cannot read IP mode file for STMicroelectronics.X-CUBE-NFC7.2.0.0
2025-09-16 08:31:33,868 [WARN] PackLoader:240 - Cannot read IP mode file for STMicroelectronics.X-CUBE-IPS.3.1.0
2025-09-16 08:31:33,873 [WARN] PackLoader:240 - Cannot read IP mode file for STMicroelectronics.X-CUBE-ALS.1.0.2
2025-09-16 08:31:33,874 [WARN] PackLoader:240 - Cannot read IP mode file for STMicroelectronics.X-CUBE-TOUCHGFX.4.24.2
2025-09-16 08:31:33,879 [WARN] PackLoader:240 - Cannot read IP mode file for STMicroelectronics.X-CUBE-STSE01.1.0.0
2025-09-16 08:31:33,881 [WARN] PackLoader:240 - Cannot read IP mode file for wolfSSL.I-CUBE-wolfTPM.3.4.0
2025-09-16 08:31:33,884 [WARN] PackLoader:240 - Cannot read IP mode file for portGmbH.I-Cube-SoM-uGOAL.1.1.0
2025-09-16 08:31:33,899 [WARN] PackLoader:240 - Cannot read IP mode file for STMicroelectronics.X-CUBE-AZRTOS-H7RS.1.0.0
2025-09-16 08:31:33,912 [WARN] PackLoader:240 - Cannot read IP mode file for STMicroelectronics.X-CUBE-TOF1.3.4.2
2025-09-16 08:31:33,924 [WARN] PackLoader:240 - Cannot read IP mode file for STMicroelectronics.X-CUBE-TOF1.3.4.3
2025-09-16 08:31:33,930 [WARN] PackLoader:240 - Cannot read IP mode file for wolfSSL.I-CUBE-wolfSSH.1.4.17
2025-09-16 08:31:33,931 [INFO] ThirdParty:978 - Integrity check success = true
2025-09-16 08:31:33,931 [INFO] IntegrityCheckThread:100 - exiting critical section [integrity check]
2025-09-16 08:31:33,931 [INFO] IntegrityCheckThread:103 - End integrity checks thread
2025-09-16 08:31:34,235 [INFO] WebApp:168 - Instantiating new browser for Auth
2025-09-16 08:31:35,178 [INFO] WebApp:449 - Apply proxy settings
2025-09-16 08:31:35,185 [INFO] WebApp:494 - Chromium authenticates against Manually configured proxy
2025-09-16 08:31:35,200 [INFO] WebApp:502 - Username used for proxy authentication: 
2025-09-16 08:31:35,245 [INFO] WebApp:880 - Register for checkConnection events
2025-09-16 08:31:35,245 [INFO] WebApp:449 - Apply proxy settings
2025-09-16 08:31:35,248 [INFO] WebApp:494 - Chromium authenticates against Manually configured proxy
2025-09-16 08:31:35,248 [INFO] WebApp:502 - Username used for proxy authentication: 
2025-09-16 08:31:35,355 [INFO] WebApp:221 - Starting web application
2025-09-16 08:31:35,355 [INFO] WebApp:579 - Web application path used /Applications/STM32CubeIDE.app/Contents/Eclipse/plugins/com.st.stm32cube.common.mx_6.13.0.202411220809/db/plugins/mcufinder/reactClient1/index.html
2025-09-16 08:31:35,771 [INFO] WebApp:187 - Connection restablished
